<?xml version="1.0" encoding="UTF-8"?>
<!-- Generated by org.testng.reporters.JUnitReportReporter -->
<testsuite skipped="0" hostname="DESKTOP-IT9G37N" name="com.inetbanking.testCases.ValidateLoginTest" tests="1" failures="0" timestamp="12 Feb 2020 20:00:42 GMT" time="13.859" errors="0">
  <testcase name="loginTest" time="13.859" classname="com.inetbanking.testCases.ValidateLoginTest"/>
</testsuite> <!-- com.inetbanking.testCases.ValidateLoginTest -->
